2022-11-21 14:50:03 | INFO |  ============================================================ 
2022-11-21 14:50:03 | INFO | DYNAWO VERSION  :     1.4.0
2022-11-21 14:50:03 | INFO | DYNAWO REVISION :  2304_make_fnormtol_scsteptol_from_DYNSolverKINSubModel_modifiable_in_par_files-983504e308
2022-11-21 14:50:03 | INFO |  ============================================================ 
2022-11-21 14:50:03 | INFO | 
2022-11-21 14:50:03 | INFO | -----------------------------------------------------------------------
2022-11-21 14:50:03 | INFO | building model from input files
2022-11-21 14:50:03 | INFO | -----------------------------------------------------------------------
2022-11-21 14:50:03 | INFO | model was built successfully
2022-11-21 14:50:03 | INFO | -----------------------------------------------------------------------
2022-11-21 14:50:03 | INFO | 
2022-11-21 14:50:03 | INFO | -----------------------------------------------------------------------
2022-11-21 14:50:03 | INFO | starting local initialization
2022-11-21 14:50:03 | INFO | -----------------------------------------------------------------------
2022-11-21 14:50:03 | INFO | end of local initialization
2022-11-21 14:50:03 | INFO | -----------------------------------------------------------------------
2022-11-21 14:50:03 | INFO | 
2022-11-21 14:50:03 | INFO | -----------------------------------------------------------------------
2022-11-21 14:50:03 | INFO | starting global initialization
2022-11-21 14:50:03 | INFO | -----------------------------------------------------------------------
2022-11-21 14:50:03 | INFO | end of global initialization
2022-11-21 14:50:03 | INFO | -----------------------------------------------------------------------
2022-11-21 14:50:03 | INFO | 
2022-11-21 14:50:03 | INFO | -----------------------------------------------------------------------
2022-11-21 14:50:03 | INFO | starting curve initialization
2022-11-21 14:50:03 | INFO | -----------------------------------------------------------------------
2022-11-21 14:50:03 | INFO | end of curve initialization, added 41 curves
2022-11-21 14:50:03 | INFO | -----------------------------------------------------------------------
2022-11-21 14:50:03 | INFO | 
2022-11-21 14:50:03 | INFO | -----------------------------------------------------------------------
2022-11-21 14:50:03 | INFO | starting simulation with solver IDASolver
2022-11-21 14:50:03 | INFO | -----------------------------------------------------------------------
2022-11-21 14:50:03 | INFO | -----------------------------------------------------------------------
2022-11-21 14:50:03 | INFO | number of continuous variables : 424
2022-11-21 14:50:03 | INFO | number of discrete variables : 242
2022-11-21 14:50:03 | INFO | number of root functions : 226
2022-11-21 14:50:03 | INFO | -----------------------------------------------------------------------
2022-11-21 14:50:03 | INFO |         time | iter num   order (k)      time step (h)
2022-11-21 14:50:03 | INFO | -----------------------------------------------------------------------
2022-11-21 14:50:03 | INFO |        0.000 |        0           0              0.010 
2022-11-21 14:50:03 | INFO |        0.000 |        1           1              0.000 
2022-11-21 14:50:03 | INFO |        0.000 |        2           1              0.000 
2022-11-21 14:50:03 | INFO |        0.000 |        3           2              0.000 
2022-11-21 14:50:03 | INFO |        0.000 |        4           2              0.000 
2022-11-21 14:50:03 | INFO |        0.000 |        5           2              0.000 
2022-11-21 14:50:03 | INFO |        0.000 |        6           2              0.000 
2022-11-21 14:50:03 | INFO |        0.000 |        7           2              0.000 
2022-11-21 14:50:03 | INFO |        0.000 |        8           2              0.000 
2022-11-21 14:50:03 | INFO |        0.000 |        9           2              0.000 
2022-11-21 14:50:03 | INFO |        0.001 |       10           2              0.000 
2022-11-21 14:50:03 | INFO |        0.001 |       11           2              0.001 
2022-11-21 14:50:03 | INFO |        0.002 |       12           2              0.001 
2022-11-21 14:50:03 | INFO |        0.004 |       13           2              0.002 
2022-11-21 14:50:03 | INFO |        0.008 |       14           2              0.004 
2022-11-21 14:50:03 | INFO |        0.016 |       15           2              0.008 
2022-11-21 14:50:03 | INFO |        0.027 |       16           2              0.016 
2022-11-21 14:50:03 | INFO |        0.027 |       16           2              0.016 
2022-11-21 14:50:03 | INFO |        0.033 |       16           2              0.016 
2022-11-21 14:50:03 | INFO | Algebraic mode change at t = 0.0462185
2022-11-21 14:50:03 | INFO |        0.046 |       17           2              0.033 
2022-11-21 14:50:03 | INFO | calculation of the new starting point of the simulation.
2022-11-21 14:50:03 | INFO |        0.046 |        0           0              0.000 
2022-11-21 14:50:03 | INFO |        0.046 |        1           1              0.000 
2022-11-21 14:50:03 | INFO |        0.046 |        2           1              0.000 
2022-11-21 14:50:03 | INFO |        0.046 |        3           2              0.000 
2022-11-21 14:50:03 | INFO |        0.046 |        4           2              0.000 
2022-11-21 14:50:03 | INFO |        0.046 |        5           2              0.000 
2022-11-21 14:50:03 | INFO |        0.046 |        6           2              0.000 
2022-11-21 14:50:03 | INFO |        0.046 |        7           2              0.000 
2022-11-21 14:50:03 | INFO |        0.046 |        8           2              0.000 
2022-11-21 14:50:03 | INFO |        0.046 |        9           2              0.000 
2022-11-21 14:50:03 | INFO |        0.047 |       10           2              0.000 
2022-11-21 14:50:03 | INFO |        0.047 |       11           2              0.001 
2022-11-21 14:50:03 | INFO |        0.048 |       12           2              0.001 
2022-11-21 14:50:03 | INFO |        0.050 |       13           2              0.002 
2022-11-21 14:50:03 | INFO |        0.054 |       14           2              0.004 
2022-11-21 14:50:03 | INFO |        0.063 |       15           2              0.008 
2022-11-21 14:50:03 | INFO |        0.079 |       16           2              0.016 
2022-11-21 14:50:03 | INFO |        0.112 |       17           2              0.033 
2022-11-21 14:50:03 | INFO |        0.177 |       18           2              0.066 
2022-11-21 14:50:03 | INFO |        0.308 |       19           2              0.131 
2022-11-21 14:50:03 | INFO |        0.571 |       20           2              0.262 
2022-11-21 14:50:03 | INFO | Algebraic mode change at t = 1.02568
2022-11-21 14:50:03 | INFO |        1.026 |       21           1              0.524 
2022-11-21 14:50:03 | INFO | calculation of the new starting point of the simulation.
2022-11-21 14:50:03 | INFO |        1.026 |        0           0              0.000 
2022-11-21 14:50:03 | INFO |        1.026 |        1           1              0.000 
2022-11-21 14:50:03 | INFO |        1.026 |        2           1              0.000 
2022-11-21 14:50:03 | INFO |        1.026 |        3           2              0.000 
2022-11-21 14:50:03 | INFO |        1.026 |        4           2              0.000 
2022-11-21 14:50:03 | INFO |        1.026 |        5           2              0.000 
2022-11-21 14:50:03 | INFO |        1.026 |        6           2              0.000 
2022-11-21 14:50:03 | INFO |        1.026 |        7           2              0.000 
2022-11-21 14:50:03 | INFO |        1.026 |        8           2              0.000 
2022-11-21 14:50:03 | INFO |        1.026 |        9           2              0.000 
2022-11-21 14:50:03 | INFO |        1.026 |       10           2              0.000 
2022-11-21 14:50:03 | INFO |        1.027 |       11           2              0.001 
2022-11-21 14:50:03 | INFO |        1.028 |       12           2              0.001 
2022-11-21 14:50:03 | INFO |        1.030 |       13           2              0.002 
2022-11-21 14:50:03 | INFO |        1.034 |       14           2              0.004 
2022-11-21 14:50:03 | INFO |        1.042 |       15           2              0.008 
2022-11-21 14:50:03 | INFO |        1.058 |       16           2              0.016 
2022-11-21 14:50:03 | INFO |        1.085 |       17           2              0.033 
2022-11-21 14:50:03 | INFO |        1.085 |       17           2              0.033 
2022-11-21 14:50:03 | INFO |        1.091 |       17           2              0.033 
2022-11-21 14:50:03 | INFO |        1.157 |       18           2              0.066 
2022-11-21 14:50:03 | INFO |        1.288 |       19           2              0.131 
2022-11-21 14:50:03 | INFO |        1.550 |       20           2              0.262 
2022-11-21 14:50:03 | INFO |        2.074 |       21           2              0.524 
2022-11-21 14:50:03 | INFO |        2.830 |       22           1              1.049 
2022-11-21 14:50:03 | INFO |        2.830 |       22           1              1.049 
2022-11-21 14:50:03 | INFO |        3.123 |       22           1              1.049 
2022-11-21 14:50:03 | INFO |        5.220 |       23           1              2.097 
2022-11-21 14:50:03 | INFO |        9.414 |       24           1              4.194 
2022-11-21 14:50:03 | INFO |       17.803 |       25           1              8.389 
2022-11-21 14:50:03 | INFO |       27.803 |       26           1             10.000 
2022-11-21 14:50:03 | INFO |       37.803 |       27           1             10.000 
2022-11-21 14:50:03 | INFO |       47.803 |       28           1             10.000 
2022-11-21 14:50:03 | INFO |       57.803 |       29           2             10.000 
2022-11-21 14:50:03 | INFO |       67.803 |       30           1             10.000 
2022-11-21 14:50:03 | INFO |       77.803 |       31           1             10.000 
2022-11-21 14:50:03 | INFO |       87.803 |       32           1             10.000 
2022-11-21 14:50:03 | INFO |       97.803 |       33           1             10.000 
2022-11-21 14:50:03 | INFO |      100.000 |       34           1              2.197 
2022-11-21 14:50:03 | INFO | 
2022-11-21 14:50:03 | INFO | execution statistics :
2022-11-21 14:50:03 | INFO | 
2022-11-21 14:50:03 | INFO | number of time iterations                  = 72
2022-11-21 14:50:03 | INFO | number of residual evaluations             = 94
2022-11-21 14:50:03 | INFO | number of Jacobian evaluations             = 63
2022-11-21 14:50:03 | INFO | number of nonlinear iterations             = 88
2022-11-21 14:50:03 | INFO | number of error test failures              = 0
2022-11-21 14:50:03 | INFO | number of nonlinear convergence failures   = 0
2022-11-21 14:50:03 | INFO | number of root functions evaluations       = 362
2022-11-21 14:50:03 | INFO | number of discrete variables evaluations   = 15
2022-11-21 14:50:03 | INFO | number of mode evaluations                 = 12
2022-11-21 14:50:03 | INFO | end of job 'IEEE14 - SpecificLocalInit'
